7.822016312585010345e-02
6.087220089980065023e-03
6.297077921553474039e-03
6.508525078657351713e-03
6.721441266075097593e-03
6.935704414522361749e-03
7.151190745071511409e-03
7.367774836210950855e-03
7.585329693519118031e-03
7.803726821912067464e-03
8.022836300432998127e-03
8.242526859540072817e-03
8.462665960847170349e-03
8.683119879266907107e-03
8.903753787500889513e-03
9.124431842819242036e-03
9.345017276064593661e-03
9.565372482814049962e-03
9.785359116626750342e-03
1.000486378487243887e-02
1.022377049215034833e-02
8.534151912893013156e-03
8.604171094512863549e-03
8.669333441257082509e-03
8.729563684125918321e-03
8.784789086345933320e-03
8.834939552505621102e-03
8.879947736719242049e-03
8.919749149635936708e-03
8.954282264111297976e-03
8.983488619357516206e-03
9.007312923390752707e-03
9.025703153592894851e-03
9.038610655208093383e-03
9.045990237594178987e-03
9.047800268052224454e-03
9.044002763058228353e-03
9.034563476724821740e-03
9.019451986322092954e-03
8.999691398072495740e-03
8.975174998394473691e-03
8.945801376301116756e-03
8.958006536394509667e-03
8.968734138066371611e-03
8.977965036280862940e-03
8.985682757097183601e-03
8.991873527069427219e-03
8.996526297827659585e-03
8.999632765795238451e-03
9.001187387007997601e-03
9.001187387007968110e-03
8.999632765795236716e-03
8.996526297827661320e-03
8.991873527069387320e-03
8.985682757097155846e-03
8.977965036280847327e-03
8.968734138066350794e-03
8.958006536394514871e-03
8.945801376301014407e-03
8.975174998394449405e-03
8.999691398072422882e-03
9.019451986321999279e-03
9.034563476724736739e-03
9.044002763058138147e-03
9.047800268052181086e-03
9.045990237594107863e-03
9.038610655207989300e-03
9.025703153592792502e-03
9.007312923390650358e-03
8.983488619357457225e-03
8.954282264111211240e-03
8.919749149635830890e-03
8.879947736719139700e-03
8.834939552505619367e-03
8.784789086345912504e-03
8.729563684125869749e-03
8.669333441256978426e-03
8.604171094512764670e-03
8.534151912892895195e-03
1.022377049215018527e-02
1.000486378487223417e-02
9.785359116626592482e-03
9.565372482813867816e-03
9.345017276064494782e-03
9.124431842819165708e-03
8.903753787500811451e-03
8.683119879266799554e-03
8.462665960847092286e-03
8.242526859539963530e-03
8.022836300432859349e-03
7.803726821911956442e-03
7.585329693519000938e-03
7.367774836210806005e-03
7.151190745071312783e-03
6.935704414522392107e-03
6.721441266074931059e-03
6.508525078657232885e-03
6.297077921553387303e-03
6.087220089979926245e-03
7.822016312584892384e-02
