5.706521739130583984e-03
5.978260869565168133e-03
6.249999999999873712e-03
6.521739130434921032e-03
6.793478260869631816e-03
7.065217391304462295e-03
7.336956521739207773e-03
7.608695652173948915e-03
7.880434782608754241e-03
8.152173913043509260e-03
8.423913043478264279e-03
8.695652173913137259e-03
8.967391304347861053e-03
9.239130434782683726e-03
9.510869565217452623e-03
9.782608695652238867e-03
1.005434782608704940e-02
1.032608695652176105e-02
1.059782608695660454e-02
1.086956521739136476e-02
1.114130434782619958e-02
1.114130434782613019e-02
1.114130434782610590e-02
1.114130434782613019e-02
1.114130434782614927e-02
1.114130434782606253e-02
1.114130434782614927e-02
1.114130434782612152e-02
1.114130434782614060e-02
1.114130434782613886e-02
1.114130434782615101e-02
1.114130434782610937e-02
1.114130434782613539e-02
1.114130434782606427e-02
1.114130434782608509e-02
1.114130434782611111e-02
1.114130434782613192e-02
1.114130434782609376e-02
1.114130434782611458e-02
1.114130434782610764e-02
1.114130434782613713e-02
1.114130434782608162e-02
1.114130434782610417e-02
1.114130434782610070e-02
1.114130434782609029e-02
1.114130434782611631e-02
1.114130434782614060e-02
1.114130434782609202e-02
1.114130434782609723e-02
1.114130434782610243e-02
1.114130434782609723e-02
1.114130434782606253e-02
1.114130434782608162e-02
1.114130434782605907e-02
1.114130434782609029e-02
1.114130434782609202e-02
1.114130434782608335e-02
1.114130434782603825e-02
1.114130434782610243e-02
1.114130434782605386e-02
1.114130434782608162e-02
1.114130434782605386e-02
1.114130434782606427e-02
1.114130434782604692e-02
1.114130434782607121e-02
1.114130434782608335e-02
1.114130434782604345e-02
1.114130434782607641e-02
1.114130434782605039e-02
1.114130434782603131e-02
1.114130434782604172e-02
1.114130434782605213e-02
1.114130434782603998e-02
1.114130434782600182e-02
1.114130434782603998e-02
1.114130434782601570e-02
1.114130434782602957e-02
1.114130434782605733e-02
1.114130434782603131e-02
1.114130434782603304e-02
1.086956521739123813e-02
1.059782608695646229e-02
1.032608695652166564e-02
1.005434782608689674e-02
9.782608695652074068e-03
9.510869565217329458e-03
9.239130434782553622e-03
8.967391304347781256e-03
8.695652173912981134e-03
8.423913043478181012e-03
8.152173913043436401e-03
7.880434782608646688e-03
7.608695652173863913e-03
7.336956521739096751e-03
7.065217391304313109e-03
6.793478260869514722e-03
6.521739130434738886e-03
6.249999999999909274e-03
5.978260869565248797e-03
5.706521739130349796e-03
