1.090753973727873055e-01
5.713017697489849653e-03
5.846238693650697774e-03
5.980110757063538882e-03
6.114589466555436781e-03
6.249629479947398265e-03
6.385184560898679411e-03
6.521207606430750453e-03
6.657650675113043794e-03
6.794920978751527174e-03
6.932944735941746692e-03
7.071647760304955628e-03
7.210955500363609716e-03
7.350793079611183528e-03
7.491085336758089054e-03
7.631756866130171880e-03
7.772732058197873682e-03
7.913935140216401404e-03
8.055290216951971685e-03
8.196721311475529959e-03
8.338152405999155886e-03
8.479507482734677595e-03
8.620710564753135061e-03
8.761685756820897578e-03
8.902357286192957853e-03
9.042649543339970064e-03
9.182487122587556019e-03
9.321794862646108626e-03
9.460497887009347920e-03
9.598521644199536212e-03
9.735791947838095053e-03
8.084113748113986100e-03
8.126480765818280480e-03
8.166195868185146395e-03
8.203201279002337101e-03
8.237440816911289002e-03
8.268859938029929704e-03
8.297405777454835638e-03
8.323027189613587187e-03
8.373488521953331362e-03
8.419449188599974904e-03
8.460884486158464293e-03
8.497772143573934650e-03
8.530092334102165608e-03
8.557827685966539269e-03
8.580963291695001965e-03
8.599486716132594133e-03
8.613388003125256598e-03
8.622659680871428214e-03
8.627296765937805811e-03
8.627296765937790199e-03
8.622659680871412602e-03
8.613388003125234046e-03
8.599486716132549030e-03
8.580963291694975945e-03
8.557827685966544473e-03
8.530092334102071933e-03
8.497772143573865261e-03
8.460884486158422660e-03
8.419449188599910719e-03
8.373488521953208197e-03
8.323027189613493512e-03
8.297405777454714207e-03
8.268859938029841233e-03
8.237440816911115529e-03
8.203201279002153221e-03
8.166195868184972922e-03
8.126480765818108742e-03
8.084113748113764056e-03
9.735791947837819232e-03
9.598521644199302025e-03
9.460497887009125875e-03
9.321794862645838009e-03
9.182487122587255912e-03
9.042649543339683835e-03
8.902357286192676827e-03
8.761685756820640839e-03
8.620710564752880056e-03
8.479507482734438203e-03
8.338152405998860983e-03
8.196721311475271485e-03
8.055290216951708007e-03
7.913935140216127317e-03
7.772732058197655974e-03
7.631756866129915141e-03
7.491085336757860071e-03
7.350793079610875615e-03
7.210955500363293996e-03
7.071647760304704093e-03
6.932944735941450921e-03
6.794920978751285180e-03
6.657650675112711594e-03
6.521207606430520602e-03
6.385184560898481652e-03
6.249629479947154537e-03
6.114589466555184379e-03
5.980110757063335919e-03
5.846238693650470525e-03
5.713017697489506178e-03
1.090753973727828091e-01
