4.389827205148980754e-02
6.644401395042848560e-03
7.081983069701818997e-03
7.525025050989189723e-03
7.972543873981871587e-03
8.423535770297498754e-03
8.876981195209986131e-03
9.331849444275936920e-03
9.787103333301478553e-03
1.024170391510405807e-02
1.069461520631442321e-02
9.054414990192868884e-03
9.189215167836571607e-03
9.303881607032712248e-03
9.397895282847415488e-03
9.470829822629036124e-03
9.522353923160144576e-03
9.552233230386576388e-03
9.560331669537498397e-03
9.546612217852317242e-03
9.511137115418621946e-03
9.454067512936849271e-03
9.475205125560558911e-03
9.489978292822493292e-03
9.499312243095974981e-03
9.504169209396532911e-03
9.505541881452615055e-03
9.504446646964790496e-03
9.501916666443144602e-03
9.498994847913480935e-03
9.496726763997447376e-03
9.496153554196763366e-03
9.498304855291123464e-03
9.499451680336962883e-03
9.499894562775760068e-03
9.499891575159017526e-03
9.499655935805505214e-03
9.499353998916548747e-03
9.499103639431200757e-03
9.498973480415518963e-03
9.498982455615510162e-03
9.499099709604776412e-03
9.499244835918550095e-03
9.499288451522359261e-03
9.499278824037019064e-03
9.499249503144695586e-03
9.499220782971518409e-03
9.499201206786432247e-03
9.499189097771608414e-03
9.499183327113703765e-03
9.499183327113747133e-03
9.499189097771598006e-03
9.499201206786449594e-03
9.499220782971518409e-03
9.499249503144709464e-03
9.499278824036986105e-03
9.499288451522319363e-03
9.499244835918534482e-03
9.499099709604755595e-03
9.498982455615501488e-03
9.498973480415447840e-03
9.499103639431174737e-03
9.499353998916566094e-03
9.499655935805411539e-03
9.499891575159026200e-03
9.499894562775742721e-03
9.499451680336961149e-03
9.498304855291137341e-03
9.496153554196804999e-03
9.496726763997421356e-03
9.498994847913479200e-03
9.501916666443115111e-03
9.504446646964747128e-03
9.505541881452609851e-03
9.504169209396550258e-03
9.499312243096001002e-03
9.489978292822489822e-03
9.475205125560562380e-03
9.454067512936878762e-03
9.511137115418649701e-03
9.546612217852313773e-03
9.560331669537394314e-03
9.552233230386609347e-03
9.522353923160187944e-03
9.470829822628994490e-03
9.397895282847327017e-03
9.303881607032726125e-03
9.189215167836479667e-03
9.054414990192780413e-03
1.069461520631432953e-02
1.024170391510390021e-02
9.787103333301407429e-03
9.331849444275850183e-03
8.876981195209805720e-03
8.423535770297399874e-03
7.972543873981743218e-03
7.525025050989014516e-03
7.081983069701742670e-03
6.644401395042858101e-03
4.389827205148916917e-02
