5.527638190954680536e-03
6.030150753768481406e-03
6.532663316582637027e-03
7.035175879396554123e-03
7.537688442210711479e-03
8.040201005024760414e-03
8.542713567838814553e-03
9.045226130652875632e-03
9.547738693466941914e-03
1.005025125628095962e-02
1.055276381909499468e-02
1.055276381909499815e-02
1.055276381909502938e-02
1.055276381909496172e-02
1.055276381909504846e-02
1.055276381909504846e-02
1.055276381909500162e-02
1.055276381909494091e-02
1.055276381909497213e-02
1.055276381909507968e-02
1.055276381909508489e-02
1.055276381909507621e-02
1.055276381909505366e-02
1.055276381909510917e-02
1.055276381909507448e-02
1.055276381909513693e-02
1.055276381909509703e-02
1.055276381909508489e-02
1.055276381909514040e-02
1.055276381909513866e-02
1.055276381909514387e-02
1.055276381909514387e-02
1.055276381909517683e-02
1.055276381909518724e-02
1.055276381909517509e-02
1.055276381909520111e-02
1.055276381909523754e-02
1.055276381909525489e-02
1.055276381909524622e-02
1.055276381909524969e-02
1.055276381909529652e-02
1.055276381909529826e-02
1.055276381909531734e-02
1.055276381909536071e-02
1.055276381909535030e-02
1.055276381909537285e-02
1.055276381909544051e-02
1.055276381909540581e-02
1.055276381909545265e-02
1.055276381909542316e-02
1.055276381909548214e-02
1.055276381909551857e-02
1.055276381909556194e-02
1.055276381909549602e-02
1.055276381909554632e-02
1.055276381909559490e-02
1.055276381909560010e-02
1.055276381909558275e-02
1.055276381909560184e-02
1.055276381909560357e-02
1.055276381909563133e-02
1.055276381909565388e-02
1.055276381909570245e-02
1.055276381909567296e-02
1.055276381909570939e-02
1.055276381909569031e-02
1.055276381909570592e-02
1.055276381909572327e-02
1.055276381909574235e-02
1.055276381909578572e-02
1.055276381909577357e-02
1.055276381909576143e-02
1.055276381909582735e-02
1.055276381909582908e-02
1.055276381909583776e-02
1.055276381909585337e-02
1.055276381909586551e-02
1.055276381909589327e-02
1.055276381909588633e-02
1.055276381909590368e-02
1.055276381909591235e-02
1.055276381909594358e-02
1.055276381909589674e-02
1.055276381909595225e-02
1.055276381909594878e-02
1.055276381909599909e-02
1.055276381909597133e-02
1.055276381909597307e-02
1.055276381909601296e-02
1.055276381909599215e-02
1.005025125628192240e-02
9.547738693467850910e-03
9.045226130653748198e-03
8.542713567839654160e-03
8.040201005025544509e-03
7.537688442211475624e-03
7.035175879397362504e-03
6.532663316583264129e-03
6.030150753769209990e-03
5.527638190955085594e-03
