2.958333333333318937e-01
4.166666666666923348e-03
4.166666666666517423e-03
4.166666666666891256e-03
4.166666666666622373e-03
4.166666666666704773e-03
4.166666666666538239e-03
4.166666666666623241e-03
4.166666666666647527e-03
4.166666666666628445e-03
4.166666666666763753e-03
4.166666666666691762e-03
4.166666666666664874e-03
4.166666666666578138e-03
4.166666666666680487e-03
4.166666666666624108e-03
4.166666666666761151e-03
4.166666666666668344e-03
4.166666666666672680e-03
4.166666666666695232e-03
4.166666666666678752e-03
4.166666666666645792e-03
4.166666666666735130e-03
4.166666666666709110e-03
4.166666666666687426e-03
4.166666666666664874e-03
4.166666666666686558e-03
4.166666666666619771e-03
4.166666666666702171e-03
4.166666666666664007e-03
4.166666666666670946e-03
4.166666666666591148e-03
4.166666666666710844e-03
4.166666666666654466e-03
4.166666666666581607e-03
4.166666666666638853e-03
4.166666666666670078e-03
4.166666666666693497e-03
4.166666666666687426e-03
4.166666666666650996e-03
4.166666666666685691e-03
4.166666666666670078e-03
4.166666666666680487e-03
4.166666666666638853e-03
4.166666666666642323e-03
4.166666666666677885e-03
4.166666666666670946e-03
4.166666666666677017e-03
4.166666666666685691e-03
4.166666666666668344e-03
4.166666666666656201e-03
4.166666666666624108e-03
4.166666666666647527e-03
4.166666666666661405e-03
4.166666666666683956e-03
4.166666666666670946e-03
4.166666666666652731e-03
4.166666666666651864e-03
4.166666666666653598e-03
4.166666666666656201e-03
4.166666666666690895e-03
4.166666666666684823e-03
4.166666666666667476e-03
4.166666666666635384e-03
4.166666666666696099e-03
4.166666666666662272e-03
4.166666666666627578e-03
4.166666666666658803e-03
4.166666666666644057e-03
4.166666666666676150e-03
4.166666666666666609e-03
4.166666666666657068e-03
4.166666666666644925e-03
4.166666666666682221e-03
4.166666666666696967e-03
4.166666666666643190e-03
4.166666666666661405e-03
4.166666666666670946e-03
4.166666666666685691e-03
4.166666666666677885e-03
4.166666666666665741e-03
4.166666666666674415e-03
4.166666666666665741e-03
4.166666666666668344e-03
4.166666666666675282e-03
4.166666666666660537e-03
4.166666666666666609e-03
4.166666666666662272e-03
4.166666666666686558e-03
4.166666666666658803e-03
4.166666666666669211e-03
4.166666666666646660e-03
4.166666666666655333e-03
4.166666666666689160e-03
4.166666666666668344e-03
4.166666666666657935e-03
4.166666666666671813e-03
4.166666666666670946e-03
4.166666666666667476e-03
2.958333333333333925e-01
