1.937499999999999500e-01
6.250000000000124380e-03
6.250000000000071471e-03
6.250000000000112237e-03
6.249999999999864171e-03
6.249999999999944836e-03
6.249999999999988204e-03
6.250000000000152135e-03
6.249999999999971724e-03
6.250000000000037643e-03
6.249999999999875447e-03
6.249999999999953509e-03
6.250000000000058460e-03
6.250000000000025500e-03
6.250000000000049787e-03
6.250000000000099226e-03
6.249999999999985602e-03
6.249999999999982132e-03
6.249999999999971724e-03
6.249999999999958714e-03
6.249999999999959581e-03
6.249999999999920550e-03
6.249999999999925754e-03
6.249999999999989939e-03
6.249999999999998612e-03
6.249999999999916213e-03
6.249999999999970857e-03
6.250000000000010755e-03
6.250000000000006418e-03
6.249999999999984734e-03
6.250000000000076675e-03
6.250000000000009888e-03
6.249999999999990806e-03
6.249999999999986469e-03
6.250000000000058460e-03
6.250000000000018562e-03
6.250000000000029837e-03
6.250000000000016827e-03
6.249999999999992541e-03
6.249999999999971724e-03
6.249999999999972591e-03
6.249999999999946571e-03
6.250000000000001214e-03
6.249999999999987337e-03
6.250000000000014225e-03
6.249999999999990806e-03
6.250000000000028970e-03
6.249999999999989071e-03
6.250000000000009021e-03
6.249999999999964785e-03
6.250000000000015959e-03
6.250000000000019429e-03
6.250000000000007286e-03
6.249999999999981265e-03
6.250000000000015092e-03
6.250000000000035041e-03
6.250000000000014225e-03
6.250000000000029837e-03
6.250000000000015092e-03
6.249999999999990806e-03
6.250000000000028970e-03
6.250000000000002082e-03
6.250000000000002082e-03
6.249999999999977796e-03
6.249999999999996010e-03
6.250000000000022031e-03
6.249999999999986469e-03
6.250000000000029837e-03
6.249999999999993408e-03
6.249999999999983000e-03
6.250000000000000347e-03
6.250000000000025500e-03
6.250000000000008153e-03
6.249999999999985602e-03
6.249999999999993408e-03
6.250000000000014225e-03
6.249999999999993408e-03
6.250000000000003816e-03
6.249999999999995143e-03
6.249999999999987337e-03
6.250000000000003816e-03
6.249999999999995143e-03
6.249999999999995143e-03
6.249999999999999480e-03
6.249999999999999480e-03
6.249999999999989071e-03
6.249999999999991673e-03
6.250000000000020296e-03
6.250000000000007286e-03
6.249999999999988204e-03
6.249999999999989071e-03
6.249999999999991673e-03
6.250000000000006418e-03
6.250000000000009021e-03
6.249999999999998612e-03
6.250000000000010755e-03
6.250000000000020296e-03
6.249999999999984734e-03
6.249999999999987337e-03
1.937499999999999223e-01
