5.050505050505262571e-03
1.010101010101049218e-02
1.010101010101008279e-02
1.010101010100990758e-02
1.010101010101028748e-02
1.010101010101017473e-02
1.010101010101015911e-02
1.010101010101014524e-02
1.010101010101003075e-02
1.010101010101025105e-02
1.010101010101003768e-02
1.010101010101016952e-02
1.010101010101026320e-02
1.010101010101021116e-02
1.010101010101008452e-02
1.010101010101017473e-02
1.010101010101007238e-02
1.010101010101011401e-02
1.010101010101004115e-02
1.010101010101017126e-02
1.010101010101001513e-02
1.010101010101005503e-02
1.010101010101003768e-02
1.010101010101016605e-02
1.010101010101003421e-02
1.010101010101017299e-02
1.010101010101017646e-02
1.010101010101008626e-02
1.010101010101015044e-02
1.010101010101005677e-02
1.010101010101007238e-02
1.010101010101014697e-02
1.010101010101014697e-02
1.010101010101004462e-02
1.010101010101010707e-02
1.010101010101008973e-02
1.010101010101014003e-02
1.010101010101010881e-02
1.010101010101007411e-02
1.010101010101010187e-02
1.010101010101009146e-02
1.010101010101004809e-02
1.010101010101012615e-02
1.010101010101013136e-02
1.010101010101008626e-02
1.010101010101008973e-02
1.010101010101008799e-02
1.010101010101006891e-02
1.010101010101007238e-02
1.010101010101009320e-02
1.010101010101007932e-02
1.010101010101010534e-02
1.010101010101009320e-02
1.010101010101014177e-02
1.010101010101008626e-02
1.010101010101009840e-02
1.010101010101007758e-02
1.010101010101007758e-02
1.010101010101010187e-02
1.010101010101012962e-02
1.010101010101010013e-02
1.010101010101009146e-02
1.010101010101008105e-02
1.010101010101011922e-02
1.010101010101008973e-02
1.010101010101007238e-02
1.010101010101010360e-02
1.010101010101007758e-02
1.010101010101008799e-02
1.010101010101011575e-02
1.010101010101010534e-02
1.010101010101012269e-02
1.010101010101010707e-02
1.010101010101010360e-02
1.010101010101008626e-02
1.010101010101012095e-02
1.010101010101009146e-02
1.010101010101008626e-02
1.010101010101011748e-02
1.010101010101011922e-02
1.010101010101012789e-02
1.010101010101009493e-02
1.010101010101009666e-02
1.010101010101010881e-02
1.010101010101011575e-02
1.010101010101008626e-02
1.010101010101008626e-02
1.010101010101012442e-02
1.010101010101010881e-02
1.010101010101010013e-02
1.010101010101011228e-02
1.010101010101010534e-02
1.010101010101011575e-02
1.010101010101012095e-02
1.010101010101009320e-02
1.010101010101010881e-02
1.010101010101009493e-02
1.010101010101010707e-02
1.010101010101009146e-02
5.050505050505064812e-03
