5.996131528046315905e-03
6.189555125725381725e-03
6.382978723404141366e-03
6.576402321083229738e-03
6.769825918762089993e-03
6.963249516440992749e-03
7.156673114119985711e-03
7.350096711798786119e-03
7.543520309477733977e-03
7.736943907156669693e-03
7.930367504835576786e-03
8.123791102514476073e-03
8.317214700193465565e-03
8.510638297872307606e-03
8.704061895551239852e-03
8.897485493230172099e-03
9.090909090909095672e-03
9.284332688588029653e-03
9.477756286266852612e-03
9.671179883945840369e-03
9.864603481624774350e-03
1.005802707930371701e-02
1.025145067698255558e-02
1.044487427466146874e-02
1.063829787234043915e-02
1.083172147001932283e-02
1.102514506769824293e-02
1.121856866537716130e-02
1.141199226305605018e-02
1.160541586073496854e-02
1.179883945841392334e-02
1.179883945841391467e-02
1.179883945841392161e-02
1.179883945841391467e-02
1.179883945841393028e-02
1.179883945841394416e-02
1.179883945841396498e-02
1.179883945841393549e-02
1.179883945841393895e-02
1.179883945841395977e-02
1.179883945841389038e-02
1.179883945841390946e-02
1.179883945841388518e-02
1.179883945841388691e-02
1.179883945841393375e-02
1.179883945841393202e-02
1.179883945841391640e-02
1.179883945841389038e-02
1.179883945841390253e-02
1.179883945841391467e-02
1.179883945841391293e-02
1.179883945841391814e-02
1.179883945841394242e-02
1.179883945841394589e-02
1.179883945841393202e-02
1.179883945841395283e-02
1.179883945841394242e-02
1.179883945841393028e-02
1.179883945841395283e-02
1.179883945841391640e-02
1.179883945841395630e-02
1.179883945841390773e-02
1.179883945841394069e-02
1.179883945841393028e-02
1.179883945841393549e-02
1.179883945841391467e-02
1.179883945841392161e-02
1.179883945841391640e-02
1.179883945841394416e-02
1.179883945841392855e-02
1.160541586073503620e-02
1.141199226305606926e-02
1.121856866537716997e-02
1.102514506769825160e-02
1.083172147001934538e-02
1.063829787234041487e-02
1.044487427466151731e-02
1.025145067698260068e-02
1.005802707930368231e-02
9.864603481624772616e-03
9.671179883945840369e-03
9.477756286266941083e-03
9.284332688588027918e-03
9.090909090909123427e-03
8.897485493230175568e-03
8.704061895551264139e-03
8.510638297872347505e-03
8.317214700193432605e-03
8.123791102514486481e-03
7.930367504835599338e-03
7.736943907156661020e-03
7.543520309477768672e-03
7.350096711798864181e-03
7.156673114119954486e-03
6.963249516441010964e-03
6.769825918762084789e-03
6.576402321083182900e-03
6.382978723404307032e-03
6.189555125725323612e-03
5.996131528046443407e-03
