2.549999999999990052e-01
4.999999999999946328e-03
5.000000000000262047e-03
4.999999999999937654e-03
5.000000000000078167e-03
4.999999999999995767e-03
4.999999999999888214e-03
5.000000000000072962e-03
4.999999999999945460e-03
4.999999999999889949e-03
5.000000000000046942e-03
5.000000000000082503e-03
5.000000000000040870e-03
5.000000000000040870e-03
5.000000000000025258e-03
5.000000000000045207e-03
4.999999999999922042e-03
5.000000000000022655e-03
4.999999999999995767e-03
5.000000000000027860e-03
5.000000000000015717e-03
4.999999999999973216e-03
4.999999999999908164e-03
5.000000000000085973e-03
5.000000000000002706e-03
5.000000000000044340e-03
5.000000000000002706e-03
4.999999999999923776e-03
4.999999999999917705e-03
5.000000000000022655e-03
4.999999999999932450e-03
5.000000000000052146e-03
5.000000000000001839e-03
4.999999999999998369e-03
4.999999999999981889e-03
4.999999999999983624e-03
4.999999999999929848e-03
5.000000000000012247e-03
4.999999999999976685e-03
4.999999999999927246e-03
5.000000000000014849e-03
4.999999999999994033e-03
4.999999999999984492e-03
5.000000000000002706e-03
4.999999999999986226e-03
5.000000000000033931e-03
5.000000000000032196e-03
5.000000000000010512e-03
5.000000000000013982e-03
5.000000000000008778e-03
5.000000000000000971e-03
5.000000000000014849e-03
5.000000000000007910e-03
4.999999999999982757e-03
5.000000000000027860e-03
5.000000000000030462e-03
5.000000000000006176e-03
5.000000000000008778e-03
5.000000000000017451e-03
5.000000000000007910e-03
5.000000000000024390e-03
4.999999999999997502e-03
4.999999999999980155e-03
4.999999999999987094e-03
4.999999999999973216e-03
4.999999999999998369e-03
5.000000000000000104e-03
5.000000000000006176e-03
5.000000000000003574e-03
4.999999999999998369e-03
4.999999999999971481e-03
5.000000000000011380e-03
5.000000000000023523e-03
5.000000000000007043e-03
4.999999999999992298e-03
4.999999999999980155e-03
4.999999999999991430e-03
4.999999999999994900e-03
4.999999999999995767e-03
4.999999999999999237e-03
5.000000000000005308e-03
5.000000000000004441e-03
4.999999999999997502e-03
5.000000000000007043e-03
5.000000000000008778e-03
5.000000000000000971e-03
5.000000000000015717e-03
4.999999999999997502e-03
5.000000000000004441e-03
5.000000000000011380e-03
4.999999999999994900e-03
4.999999999999986226e-03
5.000000000000002706e-03
5.000000000000004441e-03
4.999999999999991430e-03
5.000000000000008778e-03
4.999999999999985359e-03
4.999999999999979287e-03
4.999999999999995767e-03
2.550000000000000044e-01
